<?xml version="1.0" encoding="UTF-8"?>
<testng-results ignored="3" total="8" passed="5" failed="0" skipped="0">
  <reporter-output>
    <line>
      <![CDATA[A is Running]]>
    </line>
    <line>
      <![CDATA[C is running]]>
    </line>
    <line>
      <![CDATA[E is running]]>
    </line>
    <line>
      <![CDATA[G is running]]>
    </line>
    <line>
      <![CDATA[H is running]]>
    </line>
  </reporter-output>
  <suite started-at="2022-11-20T18:32:57 IST" name="Suite" finished-at="2022-11-20T18:32:57 IST" duration-ms="74">
    <groups>
    </groups>
    <test started-at="2022-11-20T18:32:57 IST" name="Test" finished-at="2022-11-20T18:32:57 IST" duration-ms="74">
      <class name="testNGXml.Testing2">
        <test-method signature="E()[pri:0, instance:testNGXml.Testing2@4b0d79fc]" started-at="2022-11-20T18:32:57 IST" name="E" finished-at="2022-11-20T18:32:57 IST" duration-ms="1" status="PASS">
          <reporter-output>
            <line>
              <![CDATA[E is running]]>
            </line>
          </reporter-output>
        </test-method> <!-- E -->
        <test-method signature="G()[pri:0, instance:testNGXml.Testing2@4b0d79fc]" started-at="2022-11-20T18:32:57 IST" name="G" finished-at="2022-11-20T18:32:57 IST" duration-ms="1" status="PASS">
          <reporter-output>
            <line>
              <![CDATA[G is running]]>
            </line>
          </reporter-output>
        </test-method> <!-- G -->
        <test-method signature="H()[pri:0, instance:testNGXml.Testing2@4b0d79fc]" started-at="2022-11-20T18:32:57 IST" name="H" finished-at="2022-11-20T18:32:57 IST" duration-ms="1" status="PASS">
          <reporter-output>
            <line>
              <![CDATA[H is running]]>
            </line>
          </reporter-output>
        </test-method> <!-- H -->
      </class> <!-- testNGXml.Testing2 -->
      <class name="testNGXml.Testing1">
        <test-method signature="A()[pri:0, instance:testNGXml.Testing1@3e11f9e9]" started-at="2022-11-20T18:32:57 IST" name="A" finished-at="2022-11-20T18:32:57 IST" duration-ms="9" status="PASS">
          <reporter-output>
            <line>
              <![CDATA[A is Running]]>
            </line>
          </reporter-output>
        </test-method> <!-- A -->
        <test-method signature="C()[pri:0, instance:testNGXml.Testing1@3e11f9e9]" started-at="2022-11-20T18:32:57 IST" name="C" finished-at="2022-11-20T18:32:57 IST" duration-ms="2" status="PASS">
          <reporter-output>
            <line>
              <![CDATA[C is running]]>
            </line>
          </reporter-output>
        </test-method> <!-- C -->
      </class> <!-- testNGXml.Testing1 -->
    </test> <!-- Test -->
  </suite> <!-- Suite -->
</testng-results>
