<?xml version="1.0" encoding="UTF-8"?>
<!-- Generated by org.testng.reporters.JUnitXMLReporter -->
<testsuite ignored="3" hostname="LAPTOP-JKE240N7" failures="0" tests="5" name="Test" time="0.074" errors="0" timestamp="2022-11-20T18:32:57 IST">
  <testcase classname="testNGXml.Testing1" name="A" time="0.009"/>
  <testcase classname="testNGXml.Testing1" name="C" time="0.002"/>
  <testcase classname="testNGXml.Testing2" name="E" time="0.001"/>
  <testcase classname="testNGXml.Testing2" name="G" time="0.001"/>
  <testcase classname="testNGXml.Testing2" name="H" time="0.001"/>
  <testcase classname="testNGXml.Testing1" name="D" time="0.0">
    <ignored/>
  </testcase> <!-- D -->
  <testcase classname="testNGXml.Testing1" name="B" time="0.0">
    <ignored/>
  </testcase> <!-- B -->
  <testcase classname="testNGXml.Testing2" name="F" time="0.0">
    <ignored/>
  </testcase> <!-- F -->
</testsuite> <!-- Test -->
