<?xml version="1.0" encoding="UTF-8"?>
<testng-results ignored="0" total="1" passed="1" failed="0" skipped="0">
  <reporter-output>
    <line>
      <![CDATA[readingurlfrom Properties file]]>
    </line>
    <line>
      <![CDATA[Launching Browser]]>
    </line>
    <line>
      <![CDATA[readingidfrom Properties file]]>
    </line>
    <line>
      <![CDATA[Entering email id]]>
    </line>
    <line>
      <![CDATA[readingpwdfrom Properties file]]>
    </line>
    <line>
      <![CDATA[Entering password]]>
    </line>
    <line>
      <![CDATA[Clicking submit button]]>
    </line>
    <line>
      <![CDATA[readingsearchfrom Properties file]]>
    </line>
    <line>
      <![CDATA[Sending Data to Search Tab]]>
    </line>
    <line>
      <![CDATA[Clicking Search button]]>
    </line>
    <line>
      <![CDATA[Wait for 1000ms]]>
    </line>
    <line>
      <![CDATA[Wait for 500ms]]>
    </line>
    <line>
      <![CDATA[Scrolling to the element]]>
    </line>
    <line>
      <![CDATA[Scroll into view]]>
    </line>
    <line>
      <![CDATA[Wait for 1000ms]]>
    </line>
    <line>
      <![CDATA[Clicking the Element]]>
    </line>
    <line>
      <![CDATA[Clicking Add to cart Button]]>
    </line>
    <line>
      <![CDATA[Clicking shoppingcart Button]]>
    </line>
    <line>
      <![CDATA[Clicking checkbox]]>
    </line>
    <line>
      <![CDATA[Clicking checkout Button]]>
    </line>
    <line>
      <![CDATA[Clicking Continue on Billing Address]]>
    </line>
    <line>
      <![CDATA[Clicking Continue on Shipping Method]]>
    </line>
    <line>
      <![CDATA[Select Creditcard optionin Payment Method]]>
    </line>
    <line>
      <![CDATA[Clicking Continue on Payment Method]]>
    </line>
    <line>
      <![CDATA[readingnamefrom Properties file]]>
    </line>
    <line>
      <![CDATA[readingcodefrom Properties file]]>
    </line>
    <line>
      <![CDATA[readingmastercardfrom Properties file]]>
    </line>
    <line>
      <![CDATA[Selecting Card type]]>
    </line>
    <line>
      <![CDATA[Sending Cardholder Name]]>
    </line>
    <line>
      <![CDATA[Sending Card number]]>
    </line>
    <line>
      <![CDATA[Selecting Expiry Month]]>
    </line>
    <line>
      <![CDATA[Selecting Expiry Year]]>
    </line>
    <line>
      <![CDATA[Sending Card code]]>
    </line>
    <line>
      <![CDATA[Clicking Continue on Card Information]]>
    </line>
    <line>
      <![CDATA[Clicking Order details]]>
    </line>
    <line>
      <![CDATA[Getting Totalamount]]>
    </line>
    <line>
      <![CDATA[Wait for 1000ms]]>
    </line>
    <line>
      <![CDATA[Wait for 500ms]]>
    </line>
    <line>
      <![CDATA[Taking Screenshot]]>
    </line>
    <line>
      <![CDATA[Clicking logout]]>
    </line>
    <line>
      <![CDATA[Closing the Browser]]>
    </line>
  </reporter-output>
  <suite started-at="2022-12-07T12:13:14 IST" name="Default suite" finished-at="2022-12-07T12:13:32 IST" duration-ms="17757">
    <groups>
    </groups>
    <test started-at="2022-12-07T12:13:14 IST" name="Default test" finished-at="2022-12-07T12:13:32 IST" duration-ms="17757">
      <class name="nopPOM.NOPTestClass">
        <test-method is-config="true" signature="beforeClass()[pri:0, instance:nopPOM.NOPTestClass@65c7a252]" started-at="2022-12-07T12:13:14 IST" name="beforeClass" finished-at="2022-12-07T12:13:20 IST" duration-ms="5398" status="PASS">
          <reporter-output>
            <line>
              <![CDATA[readingurlfrom Properties file]]>
            </line>
            <line>
              <![CDATA[Launching Browser]]>
            </line>
          </reporter-output>
        </test-method> <!-- beforeClass -->
        <test-method is-config="true" signature="logintoNOP()[pri:0, instance:nopPOM.NOPTestClass@65c7a252]" started-at="2022-12-07T12:13:20 IST" name="logintoNOP" finished-at="2022-12-07T12:13:31 IST" duration-ms="11133" status="PASS">
          <reporter-output>
            <line>
              <![CDATA[readingidfrom Properties file]]>
            </line>
            <line>
              <![CDATA[Entering email id]]>
            </line>
            <line>
              <![CDATA[readingpwdfrom Properties file]]>
            </line>
            <line>
              <![CDATA[Entering password]]>
            </line>
            <line>
              <![CDATA[Clicking submit button]]>
            </line>
            <line>
              <![CDATA[readingsearchfrom Properties file]]>
            </line>
            <line>
              <![CDATA[Sending Data to Search Tab]]>
            </line>
            <line>
              <![CDATA[Clicking Search button]]>
            </line>
            <line>
              <![CDATA[Wait for 1000ms]]>
            </line>
            <line>
              <![CDATA[Wait for 500ms]]>
            </line>
            <line>
              <![CDATA[Scrolling to the element]]>
            </line>
            <line>
              <![CDATA[Scroll into view]]>
            </line>
            <line>
              <![CDATA[Wait for 1000ms]]>
            </line>
            <line>
              <![CDATA[Clicking the Element]]>
            </line>
            <line>
              <![CDATA[Clicking Add to cart Button]]>
            </line>
            <line>
              <![CDATA[Clicking shoppingcart Button]]>
            </line>
            <line>
              <![CDATA[Clicking checkbox]]>
            </line>
            <line>
              <![CDATA[Clicking checkout Button]]>
            </line>
            <line>
              <![CDATA[Clicking Continue on Billing Address]]>
            </line>
            <line>
              <![CDATA[Clicking Continue on Shipping Method]]>
            </line>
            <line>
              <![CDATA[Select Creditcard optionin Payment Method]]>
            </line>
            <line>
              <![CDATA[Clicking Continue on Payment Method]]>
            </line>
            <line>
              <![CDATA[readingnamefrom Properties file]]>
            </line>
            <line>
              <![CDATA[readingcodefrom Properties file]]>
            </line>
            <line>
              <![CDATA[readingmastercardfrom Properties file]]>
            </line>
            <line>
              <![CDATA[Selecting Card type]]>
            </line>
            <line>
              <![CDATA[Sending Cardholder Name]]>
            </line>
            <line>
              <![CDATA[Sending Card number]]>
            </line>
            <line>
              <![CDATA[Selecting Expiry Month]]>
            </line>
            <line>
              <![CDATA[Selecting Expiry Year]]>
            </line>
            <line>
              <![CDATA[Sending Card code]]>
            </line>
            <line>
              <![CDATA[Clicking Continue on Card Information]]>
            </line>
            <line>
              <![CDATA[Clicking Order details]]>
            </line>
          </reporter-output>
        </test-method> <!-- logintoNOP -->
        <test-method signature="orders()[pri:0, instance:nopPOM.NOPTestClass@65c7a252]" started-at="2022-12-07T12:13:31 IST" name="orders" finished-at="2022-12-07T12:13:31 IST" duration-ms="205" status="PASS">
          <reporter-output>
            <line>
              <![CDATA[Getting Totalamount]]>
            </line>
            <line>
              <![CDATA[Wait for 1000ms]]>
            </line>
            <line>
              <![CDATA[Wait for 500ms]]>
            </line>
            <line>
              <![CDATA[Taking Screenshot]]>
            </line>
          </reporter-output>
        </test-method> <!-- orders -->
        <test-method is-config="true" signature="afterMethod()[pri:0, instance:nopPOM.NOPTestClass@65c7a252]" started-at="2022-12-07T12:13:31 IST" name="afterMethod" finished-at="2022-12-07T12:13:32 IST" duration-ms="863" status="PASS">
          <reporter-output>
            <line>
              <![CDATA[Clicking logout]]>
            </line>
          </reporter-output>
        </test-method> <!-- afterMethod -->
        <test-method is-config="true" signature="afterClass()[pri:0, instance:nopPOM.NOPTestClass@65c7a252]" started-at="2022-12-07T12:13:32 IST" name="afterClass" finished-at="2022-12-07T12:13:32 IST" duration-ms="104" status="PASS">
          <reporter-output>
            <line>
              <![CDATA[Closing the Browser]]>
            </line>
          </reporter-output>
        </test-method> <!-- afterClass -->
      </class> <!-- nopPOM.NOPTestClass -->
    </test> <!-- Default test -->
  </suite> <!-- Default suite -->
</testng-results>
