<?xml version="1.0" encoding="UTF-8"?>
<!-- Generated by org.testng.reporters.JUnitXMLReporter -->
<testsuite ignored="0" hostname="LAPTOP-JKE240N7" failures="0" tests="4" name="Default test" time="0.061" errors="0" timestamp="2022-11-20T18:16:45 IST">
  <testcase classname="testNGXml.Testing1" name="A" time="0.01"/>
  <testcase classname="testNGXml.Testing1" name="B" time="0.001"/>
  <testcase classname="testNGXml.Testing1" name="C" time="0.001"/>
  <testcase classname="testNGXml.Testing1" name="D" time="0.0"/>
</testsuite> <!-- Default test -->
